vu_lab4/app/build/intermediates/manifest_merge_blame_file/debug/manifest-merger-blame-debug-report.txt
1<?xml version="1.0" encoding="utf-8"?>
2<manifest xmlns:android="http://schemas.android.com/apk/res/android"
3    package="com.example.todoapp"
4    android:versionCode="1"
5    android:versionName="1.0" >
6
7    <uses-sdk
8        android:minSdkVersion="24"
8-->src\main\AndroidManifest.xml
9        android:targetSdkVersion="31" />
9-->src\main\AndroidManifest.xml
10
11    <application
11-->src\main\AndroidManifest.xml:5:5-22:19
12        android:name="com.example.todoapp.TodoApplication"
12-->src\main\AndroidManifest.xml:6:9-40
13        android:appComponentFactory="androidx.core.app.CoreComponentFactory"
13-->[androidx.core:core:1.7.0] AndroidManifest.xml:24:18-86
14        android:debuggable="true"
15        android:extractNativeLibs="false"
16        android:icon="@mipmap/ic_launcher"
16-->src\main\AndroidManifest.xml:7:9-43
17        android:label="@string/app_name"
17-->src\main\AndroidManifest.xml:8:9-41
18        android:roundIcon="@mipmap/ic_launcher_round"
18-->src\main\AndroidManifest.xml:9:9-54
19        android:supportsRtl="true"
19-->src\main\AndroidManifest.xml:10:9-35
20        android:testOnly="true"
21        android:theme="@style/Theme.TodoApp" >
21-->src\main\AndroidManifest.xml:11:9-45
22        <activity
22-->src\main\AndroidManifest.xml:12:9-21:20
23            android:name="com.example.todoapp.MainActivity"
23-->src\main\AndroidManifest.xml:13:13-41
24            android:exported="true"
24-->src\main\AndroidManifest.xml:14:13-36
25            android:theme="@style/Theme.TodoApp.NoActionBar" >
25-->src\main\AndroidManifest.xml:15:13-61
26            <intent-filter>
26-->src\main\AndroidManifest.xml:16:13-20:29
27                <action android:name="android.intent.action.MAIN" />
27-->src\main\AndroidManifest.xml:17:17-69
27-->src\main\AndroidManifest.xml:17:25-66
28
29                <category android:name="android.intent.category.LAUNCHER" />
29-->src\main\AndroidManifest.xml:19:17-77
29-->src\main\AndroidManifest.xml:19:27-74
30            </intent-filter>
31        </activity>
32        <activity
32-->[androidx.compose.ui:ui-tooling:1.0.1] AndroidManifest.xml:25:9-27:39
33            android:name="androidx.compose.ui.tooling.PreviewActivity"
33-->[androidx.compose.ui:ui-tooling:1.0.1] AndroidManifest.xml:26:13-71
34            android:exported="true" />
34-->[androidx.compose.ui:ui-tooling:1.0.1] AndroidManifest.xml:27:13-36
35
36        <provider
36-->[androidx.emoji2:emoji2:1.0.0] AndroidManifest.xml:26:9-34:20
37            android:name="androidx.startup.InitializationProvider"
37-->[androidx.emoji2:emoji2:1.0.0] AndroidManifest.xml:27:13-67
38            android:authorities="com.example.todoapp.androidx-startup"
38-->[androidx.emoji2:emoji2:1.0.0] AndroidManifest.xml:28:13-68
39            android:exported="false" >
39-->[androidx.emoji2:emoji2:1.0.0] AndroidManifest.xml:29:13-37
40            <meta-data
40-->[androidx.emoji2:emoji2:1.0.0] AndroidManifest.xml:31:13-33:52
41                android:name="androidx.emoji2.text.EmojiCompatInitializer"
41-->[androidx.emoji2:emoji2:1.0.0] AndroidManifest.xml:32:17-75
42                android:value="androidx.startup" />
42-->[androidx.emoji2:emoji2:1.0.0] AndroidManifest.xml:33:17-49
43            <meta-data
43-->[androidx.lifecycle:lifecycle-process:2.4.0] AndroidManifest.xml:31:13-33:52
44                android:name="androidx.lifecycle.ProcessLifecycleInitializer"
44-->[androidx.lifecycle:lifecycle-process:2.4.0] AndroidManifest.xml:32:17-78
45                android:value="androidx.startup" />
45-->[androidx.lifecycle:lifecycle-process:2.4.0] AndroidManifest.xml:33:17-49
46            <meta-data
46-->[androidx.profileinstaller:profileinstaller:1.0.1] AndroidManifest.xml:31:13-33:52
47                android:name="androidx.profileinstaller.ProfileInstallerInitializer"
47-->[androidx.profileinstaller:profileinstaller:1.0.1] AndroidManifest.xml:32:17-85
48                android:value="androidx.startup" />
48-->[androidx.profileinstaller:profileinstaller:1.0.1] AndroidManifest.xml:33:17-49
49        </provider>
50
51        <receiver
51-->[androidx.profileinstaller:profileinstaller:1.0.1] AndroidManifest.xml:36:9-45:20
52            android:name="androidx.profileinstaller.ProfileInstallReceiver"
52-->[androidx.profileinstaller:profileinstaller:1.0.1] AndroidManifest.xml:37:13-76
53            android:directBootAware="false"
53-->[androidx.profileinstaller:profileinstaller:1.0.1] AndroidManifest.xml:38:13-44
54            android:enabled="true"
54-->[androidx.profileinstaller:profileinstaller:1.0.1] AndroidManifest.xml:39:13-35
55            android:exported="true"
55-->[androidx.profileinstaller:profileinstaller:1.0.1] AndroidManifest.xml:40:13-36
56            android:permission="android.permission.DUMP" >
56-->[androidx.profileinstaller:profileinstaller:1.0.1] AndroidManifest.xml:41:13-57
57            <intent-filter>
57-->[androidx.profileinstaller:profileinstaller:1.0.1] AndroidManifest.xml:42:13-44:29
58                <action android:name="androidx.profileinstaller.action.INSTALL_PROFILE" />
58-->[androidx.profileinstaller:profileinstaller:1.0.1] AndroidManifest.xml:43:17-91
58-->[androidx.profileinstaller:profileinstaller:1.0.1] AndroidManifest.xml:43:25-88
59            </intent-filter>
60        </receiver>
61
62        <service
62-->[androidx.room:room-runtime:2.3.0] AndroidManifest.xml:25:9-28:40
63            android:name="androidx.room.MultiInstanceInvalidationService"
63-->[androidx.room:room-runtime:2.3.0] AndroidManifest.xml:26:13-74
64            android:directBootAware="true"
64-->[androidx.room:room-runtime:2.3.0] AndroidManifest.xml:27:13-43
65            android:exported="false" />
65-->[androidx.room:room-runtime:2.3.0] AndroidManifest.xml:28:13-37
66    </application>
67
68</manifest>